<?xml version="1.0" encoding="UTF-8"?>
<testng-results skipped="0" failed="0" ignored="0" total="1" passed="1">
  <reporter-output>
  </reporter-output>
  <suite name="Default suite" duration-ms="68411" started-at="2017-12-04T04:08:45Z" finished-at="2017-12-04T04:09:54Z">
    <groups>
    </groups>
    <test name="Default test" duration-ms="68411" started-at="2017-12-04T04:08:45Z" finished-at="2017-12-04T04:09:54Z">
      <class name="com.Exercise1.tests.Test1">
        <test-method status="PASS" signature="beforeSuite(java.lang.String)[pri:0, instance:com.Exercise1.tests.Test1@32d992b2]" name="beforeSuite" is-config="true" duration-ms="13805" started-at="2017-12-04T01:08:32Z" finished-at="2017-12-04T01:08:45Z">
          <params>
            <param index="0">
              <value>
                <![CDATA[chrome]]>
              </value>
            </param>
          </params>
          <reporter-output>
          </reporter-output>
        </test-method> <!-- beforeSuite -->
        <test-method status="PASS" signature="Test()[pri:0, instance:com.Exercise1.tests.Test1@32d992b2]" name="Test" duration-ms="68389" started-at="2017-12-04T01:08:45Z" finished-at="2017-12-04T01:09:54Z">
          <reporter-output>
          </reporter-output>
        </test-method> <!-- Test -->
        <test-method status="PASS" signature="afterSuite()[pri:0, instance:com.Exercise1.tests.Test1@32d992b2]" name="afterSuite" is-config="true" duration-ms="1128" started-at="2017-12-04T01:09:54Z" finished-at="2017-12-04T01:09:55Z">
          <reporter-output>
          </reporter-output>
        </test-method> <!-- afterSuite -->
      </class> <!-- com.Exercise1.tests.Test1 -->
    </test> <!-- Default test -->
  </suite> <!-- Default suite -->
</testng-results>
